# JRE version: Java(TM) SE Runtime Environment (8.0_202-b08) (build 1.8.0_202-b08)
# Java VM: Java HotSpot(TM) 64-Bit Server VM (25.202-b08 mixed mode bsd-amd64 compressed oops)
Heap:
 PSYoungGen      total 51200K, used 2264K [0x0000000795580000, 0x000000079e480000, 0x00000007c0000000)
  eden space 48640K, 0% used [0x0000000795580000,0x0000000795580000,0x0000000798500000)
  from space 2560K, 88% used [0x000000079e000000,0x000000079e236088,0x000000079e280000)
  to   space 2048K, 0% used [0x000000079e280000,0x000000079e280000,0x000000079e480000)
 ParOldGen       total 103424K, used 53287K [0x0000000740000000, 0x0000000746500000, 0x0000000795580000)
  object space 103424K, 51% used [0x0000000740000000,0x0000000743409ed8,0x0000000746500000)
 Metaspace       used 72243K, capacity 78732K, committed 79016K, reserved 1118208K
  class space    used 10043K, capacity 11082K, committed 11176K, reserved 1048576K
GC Heap History (10 events):
Event: 16504.795 GC heap after
Heap after GC invocations=231 (full 6):
 PSYoungGen      total 32768K, used 483K [0x0000000795580000, 0x000000079e500000, 0x00000007c0000000)
  eden space 32256K, 0% used [0x0000000795580000,0x0000000795580000,0x0000000797500000)
  from space 512K, 94% used [0x000000079e400000,0x000000079e478e48,0x000000079e480000)
  to   space 512K, 0% used [0x000000079e480000,0x000000079e480000,0x000000079e500000)
 ParOldGen       total 103424K, used 48109K [0x0000000740000000, 0x0000000746500000, 0x0000000795580000)
  object space 103424K, 46% used [0x0000000740000000,0x0000000742efb5f0,0x0000000746500000)
 Metaspace       used 72243K, capacity 78732K, committed 79016K, reserved 1118208K
  class space    used 10043K, capacity 11082K, committed 11176K, reserved 1048576K
}
Event: 16505.344 GC heap before
{Heap before GC invocations=232 (full 6):
 PSYoungGen      total 32768K, used 32739K [0x0000000795580000, 0x000000079e500000, 0x00000007c0000000)
  eden space 32256K, 100% used [0x0000000795580000,0x0000000797500000,0x0000000797500000)
  from space 512K, 94% used [0x000000079e400000,0x000000079e478e48,0x000000079e480000)
  to   space 512K, 0% used [0x000000079e480000,0x000000079e480000,0x000000079e500000)
 ParOldGen       total 103424K, used 48109K [0x0000000740000000, 0x0000000746500000, 0x0000000795580000)
  object space 103424K, 46% used [0x0000000740000000,0x0000000742efb5f0,0x0000000746500000)
 Metaspace       used 72243K, capacity 78732K, committed 79016K, reserved 1118208K
  class space    used 10043K, capacity 11082K, committed 11176K, reserved 1048576K
Event: 16505.381 GC heap after
Heap after GC invocations=232 (full 6):
 PSYoungGen      total 36864K, used 480K [0x0000000795580000, 0x000000079e500000, 0x00000007c0000000)
  eden space 36352K, 0% used [0x0000000795580000,0x0000000795580000,0x0000000797900000)
  from space 512K, 93% used [0x000000079e480000,0x000000079e4f8020,0x000000079e500000)
  to   space 1024K, 0% used [0x000000079e300000,0x000000079e300000,0x000000079e400000)
 ParOldGen       total 103424K, used 48899K [0x0000000740000000, 0x0000000746500000, 0x0000000795580000)
  object space 103424K, 47% used [0x0000000740000000,0x0000000742fc0e40,0x0000000746500000)
 Metaspace       used 72243K, capacity 78732K, committed 79016K, reserved 1118208K
  class space    used 10043K, capacity 11082K, committed 11176K, reserved 1048576K
}
Event: 16506.275 GC heap before
{Heap before GC invocations=233 (full 6):
 PSYoungGen      total 36864K, used 36832K [0x0000000795580000, 0x000000079e500000, 0x00000007c0000000)
  eden space 36352K, 100% used [0x0000000795580000,0x0000000797900000,0x0000000797900000)
  from space 512K, 93% used [0x000000079e480000,0x000000079e4f8020,0x000000079e500000)
  to   space 1024K, 0% used [0x000000079e300000,0x000000079e300000,0x000000079e400000)
 ParOldGen       total 103424K, used 48899K [0x0000000740000000, 0x0000000746500000, 0x0000000795580000)
  object space 103424K, 47% used [0x0000000740000000,0x0000000742fc0e40,0x0000000746500000)
 Metaspace       used 72243K, capacity 78732K, committed 79016K, reserved 1118208K
  class space    used 10043K, capacity 11082K, committed 11176K, reserved 1048576K
Event: 16506.328 GC heap after
Heap after GC invocations=233 (full 6):
 PSYoungGen      total 43008K, used 1016K [0x0000000795580000, 0x000000079e500000, 0x00000007c0000000)
  eden space 41984K, 0% used [0x0000000795580000,0x0000000795580000,0x0000000797e80000)
  from space 1024K, 99% used [0x000000079e300000,0x000000079e3fe018,0x000000079e400000)
  to   space 1024K, 0% used [0x000000079e400000,0x000000079e400000,0x000000079e500000)
 ParOldGen       total 103424K, used 49267K [0x0000000740000000, 0x0000000746500000, 0x0000000795580000)
  object space 103424K, 47% used [0x0000000740000000,0x000000074301ce40,0x0000000746500000)
 Metaspace       used 72243K, capacity 78732K, committed 79016K, reserved 1118208K
  class space    used 10043K, capacity 11082K, committed 11176K, reserved 1048576K
}
Event: 16506.832 GC heap before
{Heap before GC invocations=234 (full 6):
 PSYoungGen      total 43008K, used 42907K [0x0000000795580000, 0x000000079e500000, 0x00000007c0000000)
  eden space 41984K, 99% used [0x0000000795580000,0x0000000797e68f98,0x0000000797e80000)
  from space 1024K, 99% used [0x000000079e300000,0x000000079e3fe018,0x000000079e400000)
  to   space 1024K, 0% used [0x000000079e400000,0x000000079e400000,0x000000079e500000)
 ParOldGen       total 103424K, used 49267K [0x0000000740000000, 0x0000000746500000, 0x0000000795580000)
  object space 103424K, 47% used [0x0000000740000000,0x000000074301ce40,0x0000000746500000)
 Metaspace       used 72243K, capacity 78732K, committed 79016K, reserved 1118208K
  class space    used 10043K, capacity 11082K, committed 11176K, reserved 1048576K
Event: 16506.871 GC heap after
Heap after GC invocations=234 (full 6):
 PSYoungGen      total 49664K, used 1024K [0x0000000795580000, 0x000000079e500000, 0x00000007c0000000)
  eden space 48640K, 0% used [0x0000000795580000,0x0000000795580000,0x0000000798500000)
  from space 1024K, 100% used [0x000000079e400000,0x000000079e500000,0x000000079e500000)
  to   space 2560K, 0% used [0x000000079e000000,0x000000079e000000,0x000000079e280000)
 ParOldGen       total 103424K, used 52275K [0x0000000740000000, 0x0000000746500000, 0x0000000795580000)
  object space 103424K, 50% used [0x0000000740000000,0x000000074330cf08,0x0000000746500000)
 Metaspace       used 72243K, capacity 78732K, committed 79016K, reserved 1118208K
  class space    used 10043K, capacity 11082K, committed 11176K, reserved 1048576K
}
Event: 16511.516 GC heap before
{Heap before GC invocations=235 (full 6):
 PSYoungGen      total 49664K, used 15969K [0x0000000795580000, 0x000000079e500000, 0x00000007c0000000)
  eden space 48640K, 30% used [0x0000000795580000,0x0000000796418738,0x0000000798500000)
  from space 1024K, 100% used [0x000000079e400000,0x000000079e500000,0x000000079e500000)
  to   space 2560K, 0% used [0x000000079e000000,0x000000079e000000,0x000000079e280000)
 ParOldGen       total 103424K, used 52275K [0x0000000740000000, 0x0000000746500000, 0x0000000795580000)
  object space 103424K, 50% used [0x0000000740000000,0x000000074330cf08,0x0000000746500000)
 Metaspace       used 72243K, capacity 78732K, committed 79016K, reserved 1118208K
  class space    used 10043K, capacity 11082K, committed 11176K, reserved 1048576K
Event: 16511.542 GC heap after
Heap after GC invocations=235 (full 6):
 PSYoungGen      total 51200K, used 2264K [0x0000000795580000, 0x000000079e480000, 0x00000007c0000000)
  eden space 48640K, 0% used [0x0000000795580000,0x0000000795580000,0x0000000798500000)
  from space 2560K, 88% used [0x000000079e000000,0x000000079e236088,0x000000079e280000)
  to   space 2048K, 0% used [0x000000079e280000,0x000000079e280000,0x000000079e480000)
 ParOldGen       total 103424K, used 53287K [0x0000000740000000, 0x0000000746500000, 0x0000000795580000)
  object space 103424K, 51% used [0x0000000740000000,0x0000000743409ed8,0x0000000746500000)
 Metaspace       used 72243K, capacity 78732K, committed 79016K, reserved 1118208K
  class space    used 10043K, capacity 11082K, committed 11176K, reserved 1048576K
}
Event: 16511.542 GC heap before
{Heap before GC invocations=236 (full 7):
 PSYoungGen      total 51200K, used 2264K [0x0000000795580000, 0x000000079e480000, 0x00000007c0000000)
  eden space 48640K, 0% used [0x0000000795580000,0x0000000795580000,0x0000000798500000)
  from space 2560K, 88% used [0x000000079e000000,0x000000079e236088,0x000000079e280000)
  to   space 2048K, 0% used [0x000000079e280000,0x000000079e280000,0x000000079e480000)
 ParOldGen       total 103424K, used 53287K [0x0000000740000000, 0x0000000746500000, 0x0000000795580000)
  object space 103424K, 51% used [0x0000000740000000,0x0000000743409ed8,0x0000000746500000)
 Metaspace       used 72243K, capacity 78732K, committed 79016K, reserved 1118208K
  class space    used 10043K, capacity 11082K, committed 11176K, reserved 1048576K

